# JRE version: OpenJDK Runtime Environment Temurin-17.0.5+8 (17.0.5+8) (build 17.0.5+8)
# Java VM: OpenJDK 64-Bit Server VM Temurin-17.0.5+8 (17.0.5+8, mixed mode, tiered, compressed oops, compressed class ptrs, parallel gc, windows-amd64)
GC Precious Log:
 CPUs: 32 total, 32 available
 Memory: 32489M
 Large Page Support: Disabled
 NUMA Support: Disabled
 Compressed Oops: Enabled (32-bit)
 Alignments: Space 512K, Generation 512K, Heap 2M
 Heap Min Capacity: 100M
 Heap Initial Capacity: 100M
 Heap Max Capacity: 1G
 Pre-touch: Disabled
 Parallel Workers: 23
Heap:
 PSYoungGen      total 21504K, used 9876K [0x00000000eab00000, 0x00000000ec280000, 0x0000000100000000)
  eden space 19968K, 42% used [0x00000000eab00000,0x00000000eb342ee0,0x00000000ebe80000)
  from space 1536K, 92% used [0x00000000ec100000,0x00000000ec2621c8,0x00000000ec280000)
  to   space 2048K, 0% used [0x00000000ebe80000,0x00000000ebe80000,0x00000000ec080000)
 ParOldGen       total 68608K, used 25151K [0x00000000c0000000, 0x00000000c4300000, 0x00000000eab00000)
  object space 68608K, 36% used [0x00000000c0000000,0x00000000c188ff30,0x00000000c4300000)
 Metaspace       used 41699K, committed 42432K, reserved 1089536K
  class space    used 4235K, committed 4608K, reserved 1048576K
GC Heap History (20 events):
Event: 2.976 GC heap before
{Heap before GC invocations=11 (full 1):
 PSYoungGen      total 26624K, used 26322K [0x00000000eab00000, 0x00000000ec880000, 0x0000000100000000)
  eden space 23040K, 100% used [0x00000000eab00000,0x00000000ec180000,0x00000000ec180000)
  from space 3584K, 91% used [0x00000000ec200000,0x00000000ec5348b0,0x00000000ec580000)
  to   space 3072K, 0% used [0x00000000ec580000,0x00000000ec580000,0x00000000ec880000)
 ParOldGen       total 68608K, used 10514K [0x00000000c0000000, 0x00000000c4300000, 0x00000000eab00000)
  object space 68608K, 15% used [0x00000000c0000000,0x00000000c0a44aa0,0x00000000c4300000)
 Metaspace       used 34914K, committed 35520K, reserved 1081344K
  class space    used 3522K, committed 3840K, reserved 1048576K
}
Event: 2.978 GC heap after
{Heap after GC invocations=11 (full 1):
 PSYoungGen      total 24064K, used 3040K [0x00000000eab00000, 0x00000000ecd00000, 0x0000000100000000)
  eden space 20992K, 0% used [0x00000000eab00000,0x00000000eab00000,0x00000000ebf80000)
  from space 3072K, 98% used [0x00000000ec580000,0x00000000ec878020,0x00000000ec880000)
  to   space 6144K, 0% used [0x00000000ebf80000,0x00000000ebf80000,0x00000000ec580000)
 ParOldGen       total 68608K, used 12856K [0x00000000c0000000, 0x00000000c4300000, 0x00000000eab00000)
  object space 68608K, 18% used [0x00000000c0000000,0x00000000c0c8e280,0x00000000c4300000)
 Metaspace       used 34914K, committed 35520K, reserved 1081344K
  class space    used 3522K, committed 3840K, reserved 1048576K
}
Event: 2.993 GC heap before
{Heap before GC invocations=12 (full 1):
 PSYoungGen      total 24064K, used 24032K [0x00000000eab00000, 0x00000000ecd00000, 0x0000000100000000)
  eden space 20992K, 100% used [0x00000000eab00000,0x00000000ebf80000,0x00000000ebf80000)
  from space 3072K, 98% used [0x00000000ec580000,0x00000000ec878020,0x00000000ec880000)
  to   space 6144K, 0% used [0x00000000ebf80000,0x00000000ebf80000,0x00000000ec580000)
 ParOldGen       total 68608K, used 12856K [0x00000000c0000000, 0x00000000c4300000, 0x00000000eab00000)
  object space 68608K, 18% used [0x00000000c0000000,0x00000000c0c8e280,0x00000000c4300000)
 Metaspace       used 34914K, committed 35520K, reserved 1081344K
  class space    used 3522K, committed 3840K, reserved 1048576K
}
Event: 2.995 GC heap after
{Heap after GC invocations=12 (full 1):
 PSYoungGen      total 23040K, used 2016K [0x00000000eab00000, 0x00000000ec680000, 0x0000000100000000)
  eden space 20992K, 0% used [0x00000000eab00000,0x00000000eab00000,0x00000000ebf80000)
  from space 2048K, 98% used [0x00000000ebf80000,0x00000000ec178000,0x00000000ec180000)
  to   space 3584K, 0% used [0x00000000ec300000,0x00000000ec300000,0x00000000ec680000)
 ParOldGen       total 68608K, used 15985K [0x00000000c0000000, 0x00000000c4300000, 0x00000000eab00000)
  object space 68608K, 23% used [0x00000000c0000000,0x00000000c0f9c420,0x00000000c4300000)
 Metaspace       used 34914K, committed 35520K, reserved 1081344K
  class space    used 3522K, committed 3840K, reserved 1048576K
}
Event: 3.009 GC heap before
{Heap before GC invocations=13 (full 1):
 PSYoungGen      total 23040K, used 23008K [0x00000000eab00000, 0x00000000ec680000, 0x0000000100000000)
  eden space 20992K, 100% used [0x00000000eab00000,0x00000000ebf80000,0x00000000ebf80000)
  from space 2048K, 98% used [0x00000000ebf80000,0x00000000ec178000,0x00000000ec180000)
  to   space 3584K, 0% used [0x00000000ec300000,0x00000000ec300000,0x00000000ec680000)
 ParOldGen       total 68608K, used 15985K [0x00000000c0000000, 0x00000000c4300000, 0x00000000eab00000)
  object space 68608K, 23% used [0x00000000c0000000,0x00000000c0f9c420,0x00000000c4300000)
 Metaspace       used 34914K, committed 35520K, reserved 1081344K
  class space    used 3522K, committed 3840K, reserved 1048576K
}
Event: 3.011 GC heap after
{Heap after GC invocations=13 (full 1):
 PSYoungGen      total 23552K, used 2112K [0x00000000eab00000, 0x00000000ec580000, 0x0000000100000000)
  eden space 20992K, 0% used [0x00000000eab00000,0x00000000eab00000,0x00000000ebf80000)
  from space 2560K, 82% used [0x00000000ec300000,0x00000000ec510000,0x00000000ec580000)
  to   space 2560K, 0% used [0x00000000ec080000,0x00000000ec080000,0x00000000ec300000)
 ParOldGen       total 68608K, used 17793K [0x00000000c0000000, 0x00000000c4300000, 0x00000000eab00000)
  object space 68608K, 25% used [0x00000000c0000000,0x00000000c1160420,0x00000000c4300000)
 Metaspace       used 34914K, committed 35520K, reserved 1081344K
  class space    used 3522K, committed 3840K, reserved 1048576K
}
Event: 3.023 GC heap before
{Heap before GC invocations=14 (full 1):
 PSYoungGen      total 23552K, used 23104K [0x00000000eab00000, 0x00000000ec580000, 0x0000000100000000)
  eden space 20992K, 100% used [0x00000000eab00000,0x00000000ebf80000,0x00000000ebf80000)
  from space 2560K, 82% used [0x00000000ec300000,0x00000000ec510000,0x00000000ec580000)
  to   space 2560K, 0% used [0x00000000ec080000,0x00000000ec080000,0x00000000ec300000)
 ParOldGen       total 68608K, used 17793K [0x00000000c0000000, 0x00000000c4300000, 0x00000000eab00000)
  object space 68608K, 25% used [0x00000000c0000000,0x00000000c1160420,0x00000000c4300000)
 Metaspace       used 34914K, committed 35520K, reserved 1081344K
  class space    used 3522K, committed 3840K, reserved 1048576K
}
Event: 3.025 GC heap after
{Heap after GC invocations=14 (full 1):
 PSYoungGen      total 23552K, used 2272K [0x00000000eab00000, 0x00000000ec480000, 0x0000000100000000)
  eden space 20992K, 0% used [0x00000000eab00000,0x00000000eab00000,0x00000000ebf80000)
  from space 2560K, 88% used [0x00000000ec080000,0x00000000ec2b8010,0x00000000ec300000)
  to   space 1536K, 0% used [0x00000000ec300000,0x00000000ec300000,0x00000000ec480000)
 ParOldGen       total 68608K, used 19753K [0x00000000c0000000, 0x00000000c4300000, 0x00000000eab00000)
  object space 68608K, 28% used [0x00000000c0000000,0x00000000c134a420,0x00000000c4300000)
 Metaspace       used 34914K, committed 35520K, reserved 1081344K
  class space    used 3522K, committed 3840K, reserved 1048576K
}
Event: 3.096 GC heap before
{Heap before GC invocations=15 (full 1):
 PSYoungGen      total 23552K, used 16029K [0x00000000eab00000, 0x00000000ec480000, 0x0000000100000000)
  eden space 20992K, 65% used [0x00000000eab00000,0x00000000eb86f698,0x00000000ebf80000)
  from space 2560K, 88% used [0x00000000ec080000,0x00000000ec2b8010,0x00000000ec300000)
  to   space 1536K, 0% used [0x00000000ec300000,0x00000000ec300000,0x00000000ec480000)
 ParOldGen       total 68608K, used 19753K [0x00000000c0000000, 0x00000000c4300000, 0x00000000eab00000)
  object space 68608K, 28% used [0x00000000c0000000,0x00000000c134a420,0x00000000c4300000)
 Metaspace       used 35237K, committed 35840K, reserved 1089536K
  class space    used 3554K, committed 3840K, reserved 1048576K
}
Event: 3.098 GC heap after
{Heap after GC invocations=15 (full 1):
 PSYoungGen      total 21504K, used 1508K [0x00000000eab00000, 0x00000000ec880000, 0x0000000100000000)
  eden space 19968K, 0% used [0x00000000eab00000,0x00000000eab00000,0x00000000ebe80000)
  from space 1536K, 98% used [0x00000000ec300000,0x00000000ec4793d0,0x00000000ec480000)
  to   space 4608K, 0% used [0x00000000ebe80000,0x00000000ebe80000,0x00000000ec300000)
 ParOldGen       total 68608K, used 22345K [0x00000000c0000000, 0x00000000c4300000, 0x00000000eab00000)
  object space 68608K, 32% used [0x00000000c0000000,0x00000000c15d2430,0x00000000c4300000)
 Metaspace       used 35237K, committed 35840K, reserved 1089536K
  class space    used 3554K, committed 3840K, reserved 1048576K
}
Event: 3.098 GC heap before
{Heap before GC invocations=16 (full 2):
 PSYoungGen      total 21504K, used 1508K [0x00000000eab00000, 0x00000000ec880000, 0x0000000100000000)
  eden space 19968K, 0% used [0x00000000eab00000,0x00000000eab00000,0x00000000ebe80000)
  from space 1536K, 98% used [0x00000000ec300000,0x00000000ec4793d0,0x00000000ec480000)
  to   space 4608K, 0% used [0x00000000ebe80000,0x00000000ebe80000,0x00000000ec300000)
 ParOldGen       total 68608K, used 22345K [0x00000000c0000000, 0x00000000c4300000, 0x00000000eab00000)
  object space 68608K, 32% used [0x00000000c0000000,0x00000000c15d2430,0x00000000c4300000)
 Metaspace       used 35237K, committed 35840K, reserved 1089536K
  class space    used 3554K, committed 3840K, reserved 1048576K
}
Event: 3.114 GC heap after
{Heap after GC invocations=16 (full 2):
 PSYoungGen      total 21504K, used 0K [0x00000000eab00000, 0x00000000ec880000, 0x0000000100000000)
  eden space 19968K, 0% used [0x00000000eab00000,0x00000000eab00000,0x00000000ebe80000)
  from space 1536K, 0% used [0x00000000ec300000,0x00000000ec300000,0x00000000ec480000)
  to   space 4608K, 0% used [0x00000000ebe80000,0x00000000ebe80000,0x00000000ec300000)
 ParOldGen       total 68608K, used 22773K [0x00000000c0000000, 0x00000000c4300000, 0x00000000eab00000)
  object space 68608K, 33% used [0x00000000c0000000,0x00000000c163d630,0x00000000c4300000)
 Metaspace       used 35237K, committed 35840K, reserved 1089536K
  class space    used 3554K, committed 3840K, reserved 1048576K
}
Event: 3.292 GC heap before
{Heap before GC invocations=17 (full 2):
 PSYoungGen      total 21504K, used 19917K [0x00000000eab00000, 0x00000000ec880000, 0x0000000100000000)
  eden space 19968K, 99% used [0x00000000eab00000,0x00000000ebe73720,0x00000000ebe80000)
  from space 1536K, 0% used [0x00000000ec300000,0x00000000ec300000,0x00000000ec480000)
  to   space 4608K, 0% used [0x00000000ebe80000,0x00000000ebe80000,0x00000000ec300000)
 ParOldGen       total 68608K, used 22773K [0x00000000c0000000, 0x00000000c4300000, 0x00000000eab00000)
  object space 68608K, 33% used [0x00000000c0000000,0x00000000c163d630,0x00000000c4300000)
 Metaspace       used 37348K, committed 37952K, reserved 1089536K
  class space    used 3831K, committed 4096K, reserved 1048576K
}
Event: 3.293 GC heap after
{Heap after GC invocations=17 (full 2):
 PSYoungGen      total 20992K, used 810K [0x00000000eab00000, 0x00000000ec380000, 0x0000000100000000)
  eden space 19968K, 0% used [0x00000000eab00000,0x00000000eab00000,0x00000000ebe80000)
  from space 1024K, 79% used [0x00000000ebe80000,0x00000000ebf4aa88,0x00000000ebf80000)
  to   space 2048K, 0% used [0x00000000ec180000,0x00000000ec180000,0x00000000ec380000)
 ParOldGen       total 68608K, used 22781K [0x00000000c0000000, 0x00000000c4300000, 0x00000000eab00000)
  object space 68608K, 33% used [0x00000000c0000000,0x00000000c163f630,0x00000000c4300000)
 Metaspace       used 37348K, committed 37952K, reserved 1089536K
  class space    used 3831K, committed 4096K, reserved 1048576K
}
Event: 3.434 GC heap before
{Heap before GC invocations=18 (full 2):
 PSYoungGen      total 20992K, used 20778K [0x00000000eab00000, 0x00000000ec380000, 0x0000000100000000)
  eden space 19968K, 100% used [0x00000000eab00000,0x00000000ebe80000,0x00000000ebe80000)
  from space 1024K, 79% used [0x00000000ebe80000,0x00000000ebf4aa88,0x00000000ebf80000)
  to   space 2048K, 0% used [0x00000000ec180000,0x00000000ec180000,0x00000000ec380000)
 ParOldGen       total 68608K, used 22781K [0x00000000c0000000, 0x00000000c4300000, 0x00000000eab00000)
  object space 68608K, 33% used [0x00000000c0000000,0x00000000c163f630,0x00000000c4300000)
 Metaspace       used 38773K, committed 39360K, reserved 1089536K
  class space    used 3972K, committed 4224K, reserved 1048576K
}
Event: 3.434 GC heap after
{Heap after GC invocations=18 (full 2):
 PSYoungGen      total 20992K, used 576K [0x00000000eab00000, 0x00000000ec280000, 0x0000000100000000)
  eden space 19968K, 0% used [0x00000000eab00000,0x00000000eab00000,0x00000000ebe80000)
  from space 1024K, 56% used [0x00000000ec180000,0x00000000ec210000,0x00000000ec280000)
  to   space 1024K, 0% used [0x00000000ebe80000,0x00000000ebe80000,0x00000000ebf80000)
 ParOldGen       total 68608K, used 23434K [0x00000000c0000000, 0x00000000c4300000, 0x00000000eab00000)
  object space 68608K, 34% used [0x00000000c0000000,0x00000000c16e2bd8,0x00000000c4300000)
 Metaspace       used 38773K, committed 39360K, reserved 1089536K
  class space    used 3972K, committed 4224K, reserved 1048576K
}
Event: 3.917 GC heap before
{Heap before GC invocations=19 (full 2):
 PSYoungGen      total 20992K, used 20529K [0x00000000eab00000, 0x00000000ec280000, 0x0000000100000000)
  eden space 19968K, 99% used [0x00000000eab00000,0x00000000ebe7c750,0x00000000ebe80000)
  from space 1024K, 56% used [0x00000000ec180000,0x00000000ec210000,0x00000000ec280000)
  to   space 1024K, 0% used [0x00000000ebe80000,0x00000000ebe80000,0x00000000ebf80000)
 ParOldGen       total 68608K, used 23434K [0x00000000c0000000, 0x00000000c4300000, 0x00000000eab00000)
  object space 68608K, 34% used [0x00000000c0000000,0x00000000c16e2bd8,0x00000000c4300000)
 Metaspace       used 40747K, committed 41472K, reserved 1089536K
  class space    used 4148K, committed 4480K, reserved 1048576K
}
Event: 3.918 GC heap after
{Heap after GC invocations=19 (full 2):
 PSYoungGen      total 20992K, used 1009K [0x00000000eab00000, 0x00000000ec380000, 0x0000000100000000)
  eden space 19968K, 0% used [0x00000000eab00000,0x00000000eab00000,0x00000000ebe80000)
  from space 1024K, 98% used [0x00000000ebe80000,0x00000000ebf7c6f8,0x00000000ebf80000)
  to   space 2560K, 0% used [0x00000000ec100000,0x00000000ec100000,0x00000000ec380000)
 ParOldGen       total 68608K, used 24427K [0x00000000c0000000, 0x00000000c4300000, 0x00000000eab00000)
  object space 68608K, 35% used [0x00000000c0000000,0x00000000c17dae20,0x00000000c4300000)
 Metaspace       used 40747K, committed 41472K, reserved 1089536K
  class space    used 4148K, committed 4480K, reserved 1048576K
}
Event: 3.940 GC heap before
{Heap before GC invocations=20 (full 2):
 PSYoungGen      total 20992K, used 20977K [0x00000000eab00000, 0x00000000ec380000, 0x0000000100000000)
  eden space 19968K, 100% used [0x00000000eab00000,0x00000000ebe80000,0x00000000ebe80000)
  from space 1024K, 98% used [0x00000000ebe80000,0x00000000ebf7c6f8,0x00000000ebf80000)
  to   space 2560K, 0% used [0x00000000ec100000,0x00000000ec100000,0x00000000ec380000)
 ParOldGen       total 68608K, used 24427K [0x00000000c0000000, 0x00000000c4300000, 0x00000000eab00000)
  object space 68608K, 35% used [0x00000000c0000000,0x00000000c17dae20,0x00000000c4300000)
 Metaspace       used 40771K, committed 41472K, reserved 1089536K
  class space    used 4148K, committed 4480K, reserved 1048576K
}
Event: 3.941 GC heap after
{Heap after GC invocations=20 (full 2):
 PSYoungGen      total 21504K, used 1416K [0x00000000eab00000, 0x00000000ec280000, 0x0000000100000000)
  eden space 19968K, 0% used [0x00000000eab00000,0x00000000eab00000,0x00000000ebe80000)
  from space 1536K, 92% used [0x00000000ec100000,0x00000000ec2621c8,0x00000000ec280000)
  to   space 2048K, 0% used [0x00000000ebe80000,0x00000000ebe80000,0x00000000ec080000)
 ParOldGen       total 68608K, used 25151K [0x00000000c0000000, 0x00000000c4300000, 0x00000000eab00000)
  object space 68608K, 36% used [0x00000000c0000000,0x00000000c188ff30,0x00000000c4300000)
 Metaspace       used 40771K, committed 41472K, reserved 1089536K
  class space    used 4148K, committed 4480K, reserved 1048576K
}

