# JRE version: OpenJDK Runtime Environment (19.0.1+10) (build 19.0.1+10-21)
# Java VM: OpenJDK 64-Bit Server VM (19.0.1+10-21, mixed mode, sharing, tiered, compressed oops, compressed class ptrs, g1 gc, windows-amd64)
GC Precious Log:
 CardTable entry size: 512
 Card Set container configuration: InlinePtr #cards 4 size 8 Array Of Cards #cards 32 size 80 Howl #buckets 8 coarsen threshold 7372 Howl Bitmap #cards 1024 size 144 coarsen threshold 921 Card regions per heap region 1 cards per card region 8192
 CPUs: 32 total, 32 available
 Memory: 32489M
 Large Page Support: Disabled
 NUMA Support: Disabled
 Compressed Oops: Enabled (Zero based)
 Heap Region Size: 4M
 Heap Min Capacity: 8M
 Heap Initial Capacity: 508M
 Heap Max Capacity: 8124M
 Pre-touch: Disabled
 Parallel Workers: 23
 Concurrent Workers: 6
 Concurrent Refinement Workers: 23
 Periodic GC: Disabled
Heap:
 garbage-first heap   total 286720K, used 239824K [0x0000000604400000, 0x0000000800000000)
  region size 4096K, 41 young (167936K), 4 survivors (16384K)
 Metaspace       used 63256K, committed 63616K, reserved 1114112K
  class space    used 7592K, committed 7744K, reserved 1048576K
GC Heap History (20 events):
Event: 3.182 GC heap after
{Heap after GC invocations=18 (full 0):
 garbage-first heap   total 233472K, used 70727K [0x0000000604400000, 0x0000000800000000)
  region size 4096K, 3 young (12288K), 3 survivors (12288K)
 Metaspace       used 55572K, committed 55872K, reserved 1114112K
  class space    used 6781K, committed 6912K, reserved 1048576K
}
Event: 3.197 GC heap before
{Heap before GC invocations=18 (full 0):
 garbage-first heap   total 233472K, used 74823K [0x0000000604400000, 0x0000000800000000)
  region size 4096K, 4 young (16384K), 3 survivors (12288K)
 Metaspace       used 55603K, committed 55936K, reserved 1114112K
  class space    used 6784K, committed 6912K, reserved 1048576K
}
Event: 3.200 GC heap after
{Heap after GC invocations=19 (full 0):
 garbage-first heap   total 233472K, used 72257K [0x0000000604400000, 0x0000000800000000)
  region size 4096K, 1 young (4096K), 1 survivors (4096K)
 Metaspace       used 55603K, committed 55936K, reserved 1114112K
  class space    used 6784K, committed 6912K, reserved 1048576K
}
Event: 3.619 GC heap before
{Heap before GC invocations=19 (full 0):
 garbage-first heap   total 233472K, used 178753K [0x0000000604400000, 0x0000000800000000)
  region size 4096K, 27 young (110592K), 1 survivors (4096K)
 Metaspace       used 56648K, committed 57088K, reserved 1114112K
  class space    used 6879K, committed 7104K, reserved 1048576K
}
Event: 3.622 GC heap after
{Heap after GC invocations=20 (full 0):
 garbage-first heap   total 233472K, used 73803K [0x0000000604400000, 0x0000000800000000)
  region size 4096K, 1 young (4096K), 1 survivors (4096K)
 Metaspace       used 56648K, committed 57088K, reserved 1114112K
  class space    used 6879K, committed 7104K, reserved 1048576K
}
Event: 3.734 GC heap before
{Heap before GC invocations=20 (full 0):
 garbage-first heap   total 233472K, used 184395K [0x0000000604400000, 0x0000000800000000)
  region size 4096K, 28 young (114688K), 1 survivors (4096K)
 Metaspace       used 56715K, committed 57152K, reserved 1114112K
  class space    used 6879K, committed 7104K, reserved 1048576K
}
Event: 3.735 GC heap after
{Heap after GC invocations=21 (full 0):
 garbage-first heap   total 233472K, used 73907K [0x0000000604400000, 0x0000000800000000)
  region size 4096K, 1 young (4096K), 1 survivors (4096K)
 Metaspace       used 56715K, committed 57152K, reserved 1114112K
  class space    used 6879K, committed 7104K, reserved 1048576K
}
Event: 3.859 GC heap before
{Heap before GC invocations=21 (full 0):
 garbage-first heap   total 233472K, used 188595K [0x0000000604400000, 0x0000000800000000)
  region size 4096K, 29 young (118784K), 1 survivors (4096K)
 Metaspace       used 56716K, committed 57152K, reserved 1114112K
  class space    used 6879K, committed 7104K, reserved 1048576K
}
Event: 3.861 GC heap after
{Heap after GC invocations=22 (full 0):
 garbage-first heap   total 233472K, used 74069K [0x0000000604400000, 0x0000000800000000)
  region size 4096K, 1 young (4096K), 1 survivors (4096K)
 Metaspace       used 56716K, committed 57152K, reserved 1114112K
  class space    used 6879K, committed 7104K, reserved 1048576K
}
Event: 4.022 GC heap before
{Heap before GC invocations=22 (full 0):
 garbage-first heap   total 233472K, used 127317K [0x0000000604400000, 0x0000000800000000)
  region size 4096K, 15 young (61440K), 1 survivors (4096K)
 Metaspace       used 60041K, committed 60416K, reserved 1114112K
  class space    used 7232K, committed 7424K, reserved 1048576K
}
Event: 4.024 GC heap after
{Heap after GC invocations=23 (full 0):
 garbage-first heap   total 368640K, used 73880K [0x0000000604400000, 0x0000000800000000)
  region size 4096K, 1 young (4096K), 1 survivors (4096K)
 Metaspace       used 60041K, committed 60416K, reserved 1114112K
  class space    used 7232K, committed 7424K, reserved 1048576K
}
Event: 4.308 GC heap before
{Heap before GC invocations=24 (full 0):
 garbage-first heap   total 274432K, used 266392K [0x0000000604400000, 0x0000000800000000)
  region size 4096K, 49 young (200704K), 1 survivors (4096K)
 Metaspace       used 63184K, committed 63552K, reserved 1114112K
  class space    used 7592K, committed 7744K, reserved 1048576K
}
Event: 4.324 GC heap after
{Heap after GC invocations=25 (full 0):
 garbage-first heap   total 286720K, used 78408K [0x0000000604400000, 0x0000000800000000)
  region size 4096K, 3 young (12288K), 3 survivors (12288K)
 Metaspace       used 63184K, committed 63552K, reserved 1114112K
  class space    used 7592K, committed 7744K, reserved 1048576K
}
Event: 4.328 GC heap before
{Heap before GC invocations=25 (full 0):
 garbage-first heap   total 286720K, used 82504K [0x0000000604400000, 0x0000000800000000)
  region size 4096K, 4 young (16384K), 3 survivors (12288K)
 Metaspace       used 63184K, committed 63552K, reserved 1114112K
  class space    used 7592K, committed 7744K, reserved 1048576K
}
Event: 4.330 GC heap after
{Heap after GC invocations=26 (full 0):
 garbage-first heap   total 286720K, used 79211K [0x0000000604400000, 0x0000000800000000)
  region size 4096K, 1 young (4096K), 1 survivors (4096K)
 Metaspace       used 63184K, committed 63552K, reserved 1114112K
  class space    used 7592K, committed 7744K, reserved 1048576K
}
Event: 4.418 GC heap before
{Heap before GC invocations=26 (full 0):
 garbage-first heap   total 286720K, used 234859K [0x0000000604400000, 0x0000000800000000)
  region size 4096K, 40 young (163840K), 1 survivors (4096K)
 Metaspace       used 63252K, committed 63616K, reserved 1114112K
  class space    used 7592K, committed 7744K, reserved 1048576K
}
Event: 4.420 GC heap after
{Heap after GC invocations=27 (full 0):
 garbage-first heap   total 286720K, used 80991K [0x0000000604400000, 0x0000000800000000)
  region size 4096K, 1 young (4096K), 1 survivors (4096K)
 Metaspace       used 63252K, committed 63616K, reserved 1114112K
  class space    used 7592K, committed 7744K, reserved 1048576K
}
Event: 4.493 GC heap before
{Heap before GC invocations=27 (full 0):
 garbage-first heap   total 286720K, used 244831K [0x0000000604400000, 0x0000000800000000)
  region size 4096K, 41 young (167936K), 1 survivors (4096K)
 Metaspace       used 63256K, committed 63616K, reserved 1114112K
  class space    used 7592K, committed 7744K, reserved 1048576K
}
Event: 4.495 GC heap after
{Heap after GC invocations=28 (full 0):
 garbage-first heap   total 286720K, used 88272K [0x0000000604400000, 0x0000000800000000)
  region size 4096K, 3 young (12288K), 3 survivors (12288K)
 Metaspace       used 63256K, committed 63616K, reserved 1114112K
  class space    used 7592K, committed 7744K, reserved 1048576K
}
Event: 4.560 GC heap before
{Heap before GC invocations=28 (full 0):
 garbage-first heap   total 286720K, used 239824K [0x0000000604400000, 0x0000000800000000)
  region size 4096K, 40 young (163840K), 3 survivors (12288K)
 Metaspace       used 63256K, committed 63616K, reserved 1114112K
  class space    used 7592K, committed 7744K, reserved 1048576K
}

